<?xml version="1.0" encoding="UTF-8"?>
<!-- Generated by org.testng.reporters.JUnitReportReporter -->
<testsuite skipped="0" hostname="DESKTOP-34R7C85" name="tests.TEDsearchTest" tests="2" failures="0" timestamp="14 Apr 2020 12:59:53 GMT" time="21.334" errors="0">
  <testcase name="TEDSearchinGoogleplay" time="16.300" classname="tests.TEDsearchTest"/>
  <testcase name="fbsearchingoogleplay" time="5.034" classname="tests.TEDsearchTest"/>
</testsuite> <!-- tests.TEDsearchTest -->
