<?xml version="1.0" encoding="UTF-8"?>
<!-- Generated by org.testng.reporters.JUnitReportReporter -->
<testsuite skipped="0" hostname="FIS-210" name="tests.RestAssuredApi" tests="2" failures="0" timestamp="26 Nov 2020 18:48:03 GMT" time="107.210" errors="0">
  <testcase name="Creatpost" time="6.297" classname="tests.RestAssuredApi"/>
  <testcase name="Getallposts" time="100.913" classname="tests.RestAssuredApi"/>
</testsuite> <!-- tests.RestAssuredApi -->
