<?xml version="1.0" encoding="UTF-8"?>
<!-- Generated by org.testng.reporters.JUnitReportReporter -->
<testsuite skipped="0" hostname="FIS-210" name="tests.VoisTest" tests="3" failures="0" timestamp="24 Nov 2020 20:49:25 GMT" time="36.163" errors="0">
  <testcase name="Registration" time="11.793" classname="tests.VoisTest"/>
  <testcase name="Login" time="7.550" classname="tests.VoisTest"/>
  <testcase name="CartCheckOut" time="16.820" classname="tests.VoisTest"/>
</testsuite> <!-- tests.VoisTest -->
